  [1m[36m (1.2ms)[0m  [1mCREATE TABLE "schema_migrations" ("version" varchar NOT NULL) [0m
  [1m[35m (0.0ms)[0m  select sqlite_version(*)
  [1m[36m (1.0ms)[0m  [1mCREATE UNIQUE INDEX "unique_schema_migrations" ON "schema_migrations" ("version")[0m
  [1m[35mActiveRecord::SchemaMigration Load (0.1ms)[0m  SELECT "schema_migrations".* FROM "schema_migrations"
  [1m[36mActiveRecord::SchemaMigration Load (0.1ms)[0m  [1mSELECT "schema_migrations".* FROM "schema_migrations"[0m
Migrating to CreatePosts (20151230232412)
  [1m[35m (0.1ms)[0m  begin transaction
  [1m[36m (0.4ms)[0m  [1mCREATE TABLE "posts" ("id" INTEGER PRIMARY KEY AUTOINCREMENT NOT NULL, "title" varchar, "description" text, "created_at" datetime NOT NULL, "updated_at" datetime NOT NULL) [0m
  [1m[35mSQL (0.2ms)[0m  INSERT INTO "schema_migrations" ("version") VALUES (?)  [["version", "20151230232412"]]
  [1m[36m (1.3ms)[0m  [1mcommit transaction[0m
  [1m[35mActiveRecord::SchemaMigration Load (0.1ms)[0m  SELECT "schema_migrations".* FROM "schema_migrations"


Started GET "/posts/new" for ::1 at 2015-12-31 13:44:56 -0600
  [1m[36mActiveRecord::SchemaMigration Load (0.1ms)[0m  [1mSELECT "schema_migrations".* FROM "schema_migrations"[0m
Processing by PostsController#new as HTML
  Rendered posts/new.html.erb within layouts/application (2.1ms)
Completed 200 OK in 347ms (Views: 326.8ms | ActiveRecord: 0.2ms)


Started GET "/assets/application.self-e80e8f2318043e8af94dddc2adad5a4f09739a8ebb323b3ab31cd71d45fd9113.css?body=1" for ::1 at 2015-12-31 13:44:57 -0600


Started GET "/assets/application.self-3b8dabdc891efe46b9a144b400ad69e37d7e5876bdc39dee783419a69d7ca819.js?body=1" for ::1 at 2015-12-31 13:44:57 -0600


Started POST "/posts" for ::1 at 2015-12-31 13:45:03 -0600
Processing by PostsController#create as HTML
  Parameters: {"utf8"=>"✓", "authenticity_token"=>"mFCuNJP5reOW19phdr4zXRLzOMo4NZQ3wneiVR+RO/+owIoDiOxh24iHKkZ7DGazxbSIoRmvIOmJgA4gog1sGg==", "title"=>"Rails Introduction Quiz", "description"=>"asdfasdf", "commit"=>"Submit Post"}
  [1m[35m (0.1ms)[0m  begin transaction
  [1m[36mSQL (0.4ms)[0m  [1mINSERT INTO "posts" ("title", "description", "created_at", "updated_at") VALUES (?, ?, ?, ?)[0m  [["title", "Rails Introduction Quiz"], ["description", "asdfasdf"], ["created_at", "2015-12-31 19:45:03.614973"], ["updated_at", "2015-12-31 19:45:03.614973"]]
  [1m[35m (1.2ms)[0m  commit transaction
Redirected to http://localhost:3000/posts/1
Completed 302 Found in 22ms (ActiveRecord: 1.7ms)


Started GET "/posts/1" for ::1 at 2015-12-31 13:45:03 -0600
Processing by PostsController#show as HTML
  Parameters: {"id"=>"1"}
  [1m[36mPost Load (0.2ms)[0m  [1mSELECT  "posts".* FROM "posts" WHERE "posts"."id" = ? LIMIT 1[0m  [["id", 1]]
  Rendered posts/show.html.erb within layouts/application (0.4ms)
Completed 200 OK in 27ms (Views: 10.4ms | ActiveRecord: 0.2ms)
  [1m[35m (0.1ms)[0m  [1m[36mbegin transaction[0m
  [1m[35mSQL (1.0ms)[0m  [1m[32mINSERT INTO "posts" ("title", "description", "created_at", "updated_at") VALUES (?, ?, ?, ?)[0m  [["title", "Title Goes Here"], ["description", "Desc goes here..."], ["created_at", "2020-10-28 14:57:13.110569"], ["updated_at", "2020-10-28 14:57:13.110569"]]
  [1m[35m (1.2ms)[0m  [1m[36mcommit transaction[0m
Started GET "/posts" for ::1 at 2020-10-28 08:25:39 -0700
  [1m[36mActiveRecord::SchemaMigration Load (0.2ms)[0m  [1m[34mSELECT "schema_migrations".* FROM "schema_migrations"[0m
Processing by PostsController#index as HTML
  Rendering posts/index.html.erb within layouts/application
  [1m[36mPost Load (0.3ms)[0m  [1m[34mSELECT "posts".* FROM "posts"[0m
  Rendered posts/index.html.erb within layouts/application (17.4ms)
Completed 200 OK in 735ms (Views: 710.5ms | ActiveRecord: 1.4ms)


Started GET "/posts/new" for ::1 at 2020-10-28 08:25:49 -0700
Processing by PostsController#new as HTML
  Rendering posts/new.html.erb within layouts/application
  Rendered posts/new.html.erb within layouts/application (1.0ms)
Completed 200 OK in 45ms (Views: 43.8ms | ActiveRecord: 0.0ms)


Started POST "/posts" for ::1 at 2020-10-28 08:26:00 -0700
Processing by PostsController#create as HTML
  Parameters: {"utf8"=>"✓", "authenticity_token"=>"FG57ySPkGvQSP/nnk4vWQkEPde9G8zkUBqqFCKbsSu0GptTeOD92hTDKQbSasYfSai2LBQv/XGahUnPaTJCiLA==", "title"=>"maple pass", "description"=>"fgsfdbshgf", "commit"=>"Submit Post"}
  [1m[35m (0.1ms)[0m  [1m[36mbegin transaction[0m
  [1m[35mSQL (0.7ms)[0m  [1m[32mINSERT INTO "posts" ("title", "description", "created_at", "updated_at") VALUES (?, ?, ?, ?)[0m  [["title", "maple pass"], ["description", "fgsfdbshgf"], ["created_at", "2020-10-28 15:26:00.927874"], ["updated_at", "2020-10-28 15:26:00.927874"]]
  [1m[35m (2.9ms)[0m  [1m[36mcommit transaction[0m
Redirected to http://localhost:3000/posts/3
Completed 302 Found in 8ms (ActiveRecord: 3.7ms)


Started GET "/posts/3" for ::1 at 2020-10-28 08:26:00 -0700
Processing by PostsController#show as HTML
  Parameters: {"id"=>"3"}
  [1m[36mPost Load (2.9ms)[0m  [1m[34mSELECT  "posts".* FROM "posts" WHERE "posts"."id" = ? LIMIT ?[0m  [["id", 3], ["LIMIT", 1]]
  Rendering posts/show.html.erb within layouts/application
  Rendered posts/show.html.erb within layouts/application (0.7ms)
Completed 200 OK in 66ms (Views: 51.9ms | ActiveRecord: 2.9ms)


Started GET "/posts/" for ::1 at 2020-10-28 08:26:15 -0700
Processing by PostsController#index as HTML
  Rendering posts/index.html.erb within layouts/application
  [1m[36mPost Load (0.4ms)[0m  [1m[34mSELECT "posts".* FROM "posts"[0m
  Rendered posts/index.html.erb within layouts/application (14.5ms)
Completed 200 OK in 57ms (Views: 50.0ms | ActiveRecord: 1.7ms)


Started GET "/posts/new" for ::1 at 2020-10-28 08:26:22 -0700
Processing by PostsController#new as HTML
  Rendering posts/new.html.erb within layouts/application
  Rendered posts/new.html.erb within layouts/application (1.5ms)
Completed 200 OK in 43ms (Views: 39.6ms | ActiveRecord: 0.0ms)


Started POST "/posts" for ::1 at 2020-10-28 08:26:30 -0700
Processing by PostsController#create as HTML
  Parameters: {"utf8"=>"✓", "authenticity_token"=>"t+vZRS1zQW827GqjQtgbnDKazDJ7brquXjTgemJ0/LalI3ZSNqgtHhQZ0vBL4koMGbgy2DZi39z5zBaoiAgUdw==", "title"=>"SE Student", "description"=>"hdrthrdhfb", "commit"=>"Submit Post"}
  [1m[35m (0.1ms)[0m  [1m[36mbegin transaction[0m
  [1m[35mSQL (0.5ms)[0m  [1m[32mINSERT INTO "posts" ("title", "description", "created_at", "updated_at") VALUES (?, ?, ?, ?)[0m  [["title", "SE Student"], ["description", "hdrthrdhfb"], ["created_at", "2020-10-28 15:26:30.555156"], ["updated_at", "2020-10-28 15:26:30.555156"]]
  [1m[35m (0.9ms)[0m  [1m[36mcommit transaction[0m
Completed 500 Internal Server Error in 5ms (ActiveRecord: 1.5ms)


  
ActionController::UrlGenerationError (No route matches {:action=>"show", :controller=>"posts"} missing required keys: [:id]):
  
app/controllers/posts_controller.rb:19:in `create'
  Rendering /Users/williamlytle/.rvm/gems/ruby-2.6.1/gems/actionpack-5.0.7.2/lib/action_dispatch/middleware/templates/rescues/diagnostics.html.erb within rescues/layout
  Rendering /Users/williamlytle/.rvm/gems/ruby-2.6.1/gems/actionpack-5.0.7.2/lib/action_dispatch/middleware/templates/rescues/_source.html.erb
  Rendered /Users/williamlytle/.rvm/gems/ruby-2.6.1/gems/actionpack-5.0.7.2/lib/action_dispatch/middleware/templates/rescues/_source.html.erb (4.6ms)
  Rendering /Users/williamlytle/.rvm/gems/ruby-2.6.1/gems/actionpack-5.0.7.2/lib/action_dispatch/middleware/templates/rescues/_trace.html.erb
  Rendered /Users/williamlytle/.rvm/gems/ruby-2.6.1/gems/actionpack-5.0.7.2/lib/action_dispatch/middleware/templates/rescues/_trace.html.erb (3.9ms)
  Rendering /Users/williamlytle/.rvm/gems/ruby-2.6.1/gems/actionpack-5.0.7.2/lib/action_dispatch/middleware/templates/rescues/_request_and_response.html.erb
  Rendered /Users/williamlytle/.rvm/gems/ruby-2.6.1/gems/actionpack-5.0.7.2/lib/action_dispatch/middleware/templates/rescues/_request_and_response.html.erb (2.3ms)
  Rendered /Users/williamlytle/.rvm/gems/ruby-2.6.1/gems/actionpack-5.0.7.2/lib/action_dispatch/middleware/templates/rescues/diagnostics.html.erb within rescues/layout (58.9ms)
Started POST "/posts" for ::1 at 2020-10-28 08:27:32 -0700
  [1m[36mActiveRecord::SchemaMigration Load (0.3ms)[0m  [1m[34mSELECT "schema_migrations".* FROM "schema_migrations"[0m
Processing by PostsController#create as HTML
  Parameters: {"utf8"=>"✓", "authenticity_token"=>"t+vZRS1zQW827GqjQtgbnDKazDJ7brquXjTgemJ0/LalI3ZSNqgtHhQZ0vBL4koMGbgy2DZi39z5zBaoiAgUdw==", "title"=>"SE Student", "description"=>"hdrthrdhfb", "commit"=>"Submit Post"}
  [1m[35m (0.1ms)[0m  [1m[36mbegin transaction[0m
  [1m[35mSQL (1.4ms)[0m  [1m[32mINSERT INTO "posts" ("title", "description", "created_at", "updated_at") VALUES (?, ?, ?, ?)[0m  [["title", "SE Student"], ["description", "hdrthrdhfb"], ["created_at", "2020-10-28 15:27:32.829012"], ["updated_at", "2020-10-28 15:27:32.829012"]]
  [1m[35m (7.0ms)[0m  [1m[36mcommit transaction[0m
Redirected to http://localhost:3000/posts
Completed 302 Found in 42ms (ActiveRecord: 9.1ms)


Started GET "/posts" for ::1 at 2020-10-28 08:27:32 -0700
Processing by PostsController#index as HTML
  Rendering posts/index.html.erb within layouts/application
  [1m[36mPost Load (0.2ms)[0m  [1m[34mSELECT "posts".* FROM "posts"[0m
  Rendered posts/index.html.erb within layouts/application (3.3ms)
Completed 200 OK in 628ms (Views: 625.0ms | ActiveRecord: 0.2ms)


Started GET "/posts/new" for ::1 at 2020-10-28 08:27:39 -0700
Processing by PostsController#new as HTML
  Rendering posts/new.html.erb within layouts/application
  Rendered posts/new.html.erb within layouts/application (1.9ms)
Completed 200 OK in 41ms (Views: 37.9ms | ActiveRecord: 0.0ms)


Started POST "/posts" for ::1 at 2020-10-28 08:27:46 -0700
Processing by PostsController#create as HTML
  Parameters: {"utf8"=>"✓", "authenticity_token"=>"SRZrZcC8KBIgLpwO0bW7Mgl+95L4FYwfIf7TwErPfNxb3sRy22dEYwLbJF3Yj+qiIlwJeLUZ6W2GBiUSoLOUHQ==", "title"=>"maple pass", "description"=>"vdfsgdf", "commit"=>"Submit Post"}
  [1m[35m (0.1ms)[0m  [1m[36mbegin transaction[0m
  [1m[35mSQL (0.7ms)[0m  [1m[32mINSERT INTO "posts" ("title", "description", "created_at", "updated_at") VALUES (?, ?, ?, ?)[0m  [["title", "maple pass"], ["description", "vdfsgdf"], ["created_at", "2020-10-28 15:27:46.370278"], ["updated_at", "2020-10-28 15:27:46.370278"]]
  [1m[35m (9.0ms)[0m  [1m[36mcommit transaction[0m
Redirected to http://localhost:3000/posts
Completed 302 Found in 13ms (ActiveRecord: 9.7ms)


Started GET "/posts" for ::1 at 2020-10-28 08:27:46 -0700
Processing by PostsController#index as HTML
  Rendering posts/index.html.erb within layouts/application
  [1m[36mPost Load (0.5ms)[0m  [1m[34mSELECT "posts".* FROM "posts"[0m
  Rendered posts/index.html.erb within layouts/application (2.2ms)
Completed 200 OK in 31ms (Views: 28.2ms | ActiveRecord: 0.5ms)


